2024-12-06 15:27:14,373 - WARNING - No season ,year found in name: 'FlatWinter'23 - 17'
2024-12-06 15:27:14,381 - WARNING - No season ,year found in name: 'FlatFall'22 - 21'
2024-12-06 15:27:14,381 - WARNING - No year found in name: 'Fall 21 (Mirror)'
2024-12-06 15:27:14,386 - WARNING - No season ,year found in name: 'S-02 $ff0Ring $f00(v7) (Carswitch RallyCar)'
2024-12-06 15:27:14,389 - WARNING - No year found in name: 'Fall 08 (Mirror)'
2024-12-06 15:27:14,391 - WARNING - No year found in name: 'Green BOSS - Summer'23'
2024-12-06 15:27:14,392 - WARNING - No season ,year ,mapNumber found in name: 'Super24'
2024-12-06 15:27:14,394 - WARNING - No year found in name: 'Red BOSS - Summer'23'
2024-12-06 15:27:14,411 - WARNING - No mapNumber found in name: 'Winter 2024 - Section 3 Joined'
2024-12-06 15:27:14,412 - WARNING - No season found in name: 'FallN'golo 2023 - 24'
2024-12-06 15:27:14,434 - WARNING - No mapNumber found in name: 'Spring 2023 - Section 8 Joined'
2024-12-06 15:27:14,449 - WARNING - No season found in name: 'SpriNgolo 2023 - 25 (ft Nightroast)'
2024-12-06 15:27:14,455 - WARNING - No season ,year found in name: '2D-Summer2022-20'
2024-12-06 15:27:14,482 - WARNING - No season ,year found in name: 'FlatWinter'23 - 10'
2024-12-06 15:27:14,483 - WARNING - No year found in name: 'Summer 23 - 21 - Bumper'
2024-12-06 15:27:14,489 - WARNING - No season ,year found in name: 'RPG Su21 - 11'
2024-12-06 15:27:14,495 - WARNING - No mapNumber found in name: 'Fall 2021 - White Combined'
2024-12-06 15:27:14,502 - WARNING - No year found in name: 'White BOSS - Summer'23'
2024-12-06 15:27:14,548 - WARNING - No season ,year found in name: '2D-Summer2022-17'
2024-12-06 15:27:14,555 - WARNING - No season found in name: 'SpriNgolo 2023 - 10'
2024-12-06 15:27:14,560 - WARNING - No season ,year found in name: 'RPG Su21 - 01'
2024-12-06 15:27:14,561 - WARNING - No season ,year found in name: 'FlatFall'22 - 14'
2024-12-06 15:27:14,576 - WARNING - No season ,year found in name: 'RPG Su21 - 08'
2024-12-06 15:27:14,581 - WARNING - No season found in name: 'FallN'golo 2023 - 05'
2024-12-06 15:27:14,602 - WARNING - No season ,year found in name: 'FlatWinter'23 - 02'
2024-12-06 15:27:14,626 - WARNING - No season found in name: 'SpriNgolo 2023 - 17 (ft Velero_)'
2024-12-06 15:27:14,630 - WARNING - No season ,year ,mapNumber found in name: 'Super21'
2024-12-06 15:27:14,677 - WARNING - No mapNumber found in name: 'Summer 2023 - Section 1 Joined'
2024-12-06 15:27:14,694 - WARNING - No season found in name: 'SpriNgolo 2023 - 13 (ft Munster)'
2024-12-06 15:27:14,696 - WARNING - No year found in name: 'Fall 14 (Mirror)'
2024-12-06 15:27:14,709 - WARNING - No season ,year found in name: 'FlatFall'22 - 18'
2024-12-06 15:27:14,711 - WARNING - No season ,year found in name: 'FlatWinter'23 - 25'
2024-12-06 15:27:14,712 - WARNING - No season ,year found in name: 'S-02 $ff0Ring $f00(v7) (RallyCar)'
2024-12-06 15:27:14,723 - WARNING - No season found in name: 'FallN'golo 2023 - 19'
2024-12-06 15:27:14,725 - WARNING - No mapNumber found in name: 'Winter 2024 - Section 1 Joined'
2024-12-06 15:27:14,733 - WARNING - No year found in name: '$3C0S$4C0pr$5D1i$6D1n$7D1g $8D12$9D10$9E2 $AE2-$BE2 T$CE2i$DE2l$EF3te$FF3d'
2024-12-06 15:27:14,760 - WARNING - No season found in name: 'FallN'golo 2023 - 22'
2024-12-06 15:27:14,777 - WARNING - No mapNumber found in name: 'Winter 2024 - Section 4 Joined'
2024-12-06 15:27:14,782 - WARNING - No season ,year found in name: '20 - Poison (CP1-End)'
2024-12-06 15:27:14,786 - WARNING - No season ,year ,mapNumber found in name: 'Super19'
2024-12-06 15:27:14,789 - WARNING - No mapNumber found in name: 'Spring 2023 - Section 6 Joined'
2024-12-06 15:27:14,839 - WARNING - No season ,year found in name: 'RPG Su21 - 07'
2024-12-06 15:27:14,846 - WARNING - No year found in name: '$3C0S$4C0pr$5D1i$6D1n$7D1g $8D11$9D17$9E2 $AE2-$BE2 T$CE2i$DE2l$EF3te$FF3d'
2024-12-06 15:27:14,846 - WARNING - No season ,year found in name: 'VELP - Mini - 02 (DesertCar)'
2024-12-06 15:27:14,848 - WARNING - No season ,year found in name: 'FlatWinter'23 - 15'
2024-12-06 15:27:14,851 - WARNING - No year found in name: 'Fall 03 (BLIND)'
2024-12-06 15:27:14,858 - WARNING - No season found in name: 'IceFall 2020 - 12'
2024-12-06 15:27:14,862 - WARNING - No season ,year found in name: '20 - Poison (SnowCar)'
2024-12-06 15:27:14,873 - WARNING - No mapNumber found in name: 'Spring 2023 - Section 4 Joined'
2024-12-06 15:27:14,878 - WARNING - No season found in name: 'FallN'golo 2023 - 21'
2024-12-06 15:27:14,888 - WARNING - No season ,year found in name: 'VELP - Mini - 02 (Carswitch SnowCar)'
2024-12-06 15:27:14,901 - WARNING - No season ,year ,mapNumber found in name: 'Journey - Eye of the Storm (STTF)'
2024-12-06 15:27:14,921 - WARNING - No year found in name: 'Summer 23 - 08 - Bumper'
2024-12-06 15:27:14,922 - WARNING - No mapNumber found in name: 'Summer 2023 - Section 6 Joined'
2024-12-06 15:27:14,926 - WARNING - No year found in name: 'Fall 25 (Mirror)'
2024-12-06 15:27:14,932 - WARNING - No season ,year found in name: 'RPG Su21 - 09'
2024-12-06 15:27:14,934 - WARNING - No season ,year found in name: 'FlatFall'22 - 06'
2024-12-06 15:27:14,956 - WARNING - No season ,year found in name: 'FlatFall'22 - 10'
2024-12-06 15:27:14,957 - WARNING - No year found in name: 'Fall 19 (Mirror)'
2024-12-06 15:27:14,961 - WARNING - No mapNumber found in name: 'Spring 2023 - Section 5 Joined'
2024-12-06 15:27:14,965 - WARNING - No mapNumber found in name: 'Training - White Combined'
2024-12-06 15:27:14,966 - WARNING - No season ,year found in name: 'FlatFall'22 - 02'
2024-12-06 15:27:14,969 - WARNING - No year found in name: '$3C0S$4C0pr$5D1i$6D1n$7D1g $8D12$9D14$9E2 $AE2-$BE2 T$CE2i$DE2l$EF3te$FF3d'
2024-12-06 15:27:14,972 - WARNING - No season found in name: 'IceFall 2020 - 19'
2024-12-06 15:27:14,980 - WARNING - No season ,year ,mapNumber found in name: 'Super02'
2024-12-06 15:27:15,040 - WARNING - No season ,year ,mapNumber found in name: 'Icy Stally'
2024-12-06 15:27:15,041 - WARNING - No year found in name: 'Summer 23 - 13 - Bumper'
2024-12-06 15:27:15,043 - WARNING - No mapNumber found in name: 'Fall 2023 - Section 3 Joined'
2024-12-06 15:27:15,048 - WARNING - No season found in name: 'SpriNgolo 2023 - 20 (ft LuigiSly)'
2024-12-06 15:27:15,056 - WARNING - No season found in name: 'SpriNgolo 2023 - 02'
2024-12-06 15:27:15,063 - WARNING - No season ,year found in name: 'VELP - Mini - 02 (STTF)'
2024-12-06 15:27:15,102 - WARNING - No season ,year found in name: '2D-Summer2022-07'
2024-12-06 15:27:15,144 - WARNING - No year found in name: 'Fall 15 (Mirror)'
2024-12-06 15:27:15,156 - WARNING - No year found in name: 'Fall 23 (Mirror)'
2024-12-06 15:27:15,158 - WARNING - No season ,year found in name: 'VELP - Mini - 02 (RallyCar)'
2024-12-06 15:27:15,164 - WARNING - No season ,year found in name: 'FlatFall'22 - 08'
2024-12-06 15:27:15,172 - WARNING - No mapNumber found in name: 'BOSS White of Spring 2023'
2024-12-06 15:27:15,178 - WARNING - No year found in name: 'Summer 23 - 02 - Bumper'
2024-12-06 15:27:15,179 - WARNING - No mapNumber found in name: 'Winter 2022 - Black Combined'
2024-12-06 15:27:15,186 - WARNING - No mapNumber found in name: 'Winter 2024 - Section 8 Joined'
2024-12-06 15:27:15,186 - WARNING - No season ,year found in name: '20 - Poison (Carswitch SnowCar)'
2024-12-06 15:27:15,199 - WARNING - No season ,year found in name: 'FlatFall'22 - 05'
2024-12-06 15:27:15,201 - WARNING - No mapNumber found in name: 'Fall 2023 - Section 2 Joined'
2024-12-06 15:27:15,208 - WARNING - No year found in name: '$3C0S$4C0pr$5D1i$6D1n$7D1g $8D11$9D11$9E2 $AE2-$BE2 T$CE2i$DE2l$EF3te$FF3d'
2024-12-06 15:27:15,227 - WARNING - No season found in name: 'IceFall 2020 - 18'
2024-12-06 15:27:15,229 - WARNING - No season found in name: 'IceFall 2020 - 22'
2024-12-06 15:27:15,258 - WARNING - No mapNumber found in name: 'Fall 2023 - Section 7 Joined'
2024-12-06 15:27:15,259 - WARNING - No season found in name: 'FallN'golo 2023 - 14'
2024-12-06 15:27:15,307 - WARNING - No season ,year found in name: 'S-02 $ff0Ring $f00(v7) (CP1-End)'
2024-12-06 15:27:15,313 - WARNING - No year found in name: '$3C0S$4C0pr$5D1i$6D1n$7D1g $8D11$9D10$9E2 $AE2-$BE2 T$CE2i$DE2l$EF3te$FF3d'
2024-12-06 15:27:15,336 - WARNING - No season ,year ,mapNumber found in name: 'Super23'
2024-12-06 15:27:15,337 - WARNING - No season found in name: 'FallN'golo 2023 - 04'
2024-12-06 15:27:15,346 - WARNING - No season ,year found in name: '2D-Summer2022-13'
2024-12-06 15:27:15,349 - WARNING - No year found in name: 'Summer 23 - 01 - Bumper'
2024-12-06 15:27:15,359 - WARNING - No season ,year found in name: 'RPG Su21 - 18'
2024-12-06 15:27:15,370 - WARNING - No season ,year ,mapNumber found in name: 'Super16'
2024-12-06 15:27:15,403 - WARNING - No season ,year found in name: '2D-Summer2022-19'
2024-12-06 15:27:15,403 - WARNING - No season ,year found in name: 'FlatWinter'23 - 19'
2024-12-06 15:27:15,423 - WARNING - No season ,year found in name: '2D-Summer2022-18'
2024-12-06 15:27:15,444 - WARNING - No season ,year ,mapNumber found in name: 'Super10'
2024-12-06 15:27:15,445 - WARNING - No season ,year found in name: 'RPG Su21 - 19'
2024-12-06 15:27:15,464 - WARNING - No season ,year found in name: 'FlatFall'22 - 12'
2024-12-06 15:27:15,466 - WARNING - No season ,year found in name: 'FlatFall'22 - 25'
2024-12-06 15:27:15,473 - WARNING - No year found in name: 'Black BOSS - Summer'23'
2024-12-06 15:27:15,473 - WARNING - No season ,year ,mapNumber found in name: 'Super12'
2024-12-06 15:27:15,482 - WARNING - No year found in name: 'Fall 20 (Mirror)'
2024-12-06 15:27:15,492 - WARNING - No season ,year found in name: '2D-Summer2022-15'
2024-12-06 15:27:15,499 - WARNING - No season found in name: 'IceFall 2020 - 10'
2024-12-06 15:27:15,549 - WARNING - No season found in name: 'IceFall 2020 - 17'
2024-12-06 15:27:15,551 - WARNING - No season ,year found in name: '20 - Poison (1-Down)'
2024-12-06 15:27:15,553 - WARNING - No year found in name: 'Summer 23 - 24 - Bumper'
2024-12-06 15:27:15,555 - WARNING - No year found in name: 'Summer 23 - 05 - Bumper'
2024-12-06 15:27:15,567 - WARNING - No year found in name: 'Fall 18 (Mirror)'
2024-12-06 15:27:15,576 - WARNING - No season found in name: 'FallN'golo 2023 - 18'
2024-12-06 15:27:15,596 - WARNING - No season ,year ,mapNumber found in name: 'Super13'
2024-12-06 15:27:15,601 - WARNING - No season ,year found in name: 'S-02 $ff0Ring $f00(v7) (Reverse)'
2024-12-06 15:27:15,610 - WARNING - No season ,year found in name: 'FlatFall'22 - 04'
2024-12-06 15:27:15,614 - WARNING - No year found in name: 'Fall 03 (Mirror)'
2024-12-06 15:27:15,614 - WARNING - No season ,year found in name: 'FlatWinter'23 - 13'
2024-12-06 15:27:15,618 - WARNING - No season found in name: 'SpriNgolo 2023 - 16 (ft Scorchius)'
2024-12-06 15:27:15,621 - WARNING - No season ,year found in name: 'VELP - Mini - 02 (Carswitch RallyCar)'
2024-12-06 15:27:15,625 - WARNING - No season ,year found in name: 'FlatWinter'23 - 20'
2024-12-06 15:27:15,647 - WARNING - No year found in name: 'Fall 01 - Tilted'
2024-12-06 15:27:15,656 - WARNING - No season found in name: 'IceFall 2020 - 07'
2024-12-06 15:27:15,669 - WARNING - No year found in name: 'Summer 23 - 03 - Bumper'
2024-12-06 15:27:15,675 - WARNING - No season found in name: 'FallN'golo 2023 - 09'
2024-12-06 15:27:15,681 - WARNING - No season ,year found in name: 'FlatFall'22 - 07'
2024-12-06 15:27:15,682 - WARNING - No mapNumber found in name: 'Blue BOSS Winter 2024'
2024-12-06 15:27:15,683 - WARNING - No year found in name: 'Fall 11 (Mirror)'
2024-12-06 15:27:15,699 - WARNING - No mapNumber found in name: 'Fall 2023 - Last Section Joined'
2024-12-06 15:27:15,702 - WARNING - No mapNumber found in name: 'Summer 2023 - Section 3 Joined'
2024-12-06 15:27:15,707 - WARNING - No season ,year found in name: '2D-Summer2022-22'
2024-12-06 15:27:15,709 - WARNING - No season ,year found in name: 'FlatFall'22 - 09'
2024-12-06 15:27:15,711 - WARNING - No season ,year found in name: 'FlatFall'22 - 16'
2024-12-06 15:27:15,716 - WARNING - No season found in name: 'SpriNgolo 2023 - 22 (ft Amitheous)'
2024-12-06 15:27:15,721 - WARNING - No year found in name: 'Summer 23 - 14 - Bumper'
2024-12-06 15:27:15,733 - WARNING - No season found in name: 'IceFall 2020 - 25'
2024-12-06 15:27:15,733 - WARNING - No season ,year found in name: 'VELP - Mini - 02 - Reverse'
2024-12-06 15:27:15,744 - WARNING - No year found in name: '$3C0S$4C0pr$5D1i$6D1n$7D1g $8D12$9D12$9E2 $AE2-$BE2 T$CE2i$DE2l$EF3te$FF3d'
2024-12-06 15:27:15,744 - WARNING - No season found in name: 'FallN'golo 2023 - 11'
2024-12-06 15:27:15,746 - WARNING - No year found in name: 'Summer 23 - 22 - Bumper'
2024-12-06 15:27:15,754 - WARNING - No season found in name: 'IceFall 2020 - 20'
2024-12-06 15:27:15,757 - WARNING - No season found in name: 'SpriNgolo 2023 - 01'
2024-12-06 15:27:15,765 - WARNING - No year found in name: '$3C0S$4C0pr$5D1i$6D1n$7D1g $8D12$9D11$9E2 $AE2-$BE2 T$CE2i$DE2l$EF3te$FF3d'
2024-12-06 15:27:15,774 - WARNING - No season found in name: 'IceFall 2020 - 23'
2024-12-06 15:27:15,806 - WARNING - No season ,year found in name: '2D-Summer2022-05'
2024-12-06 15:27:15,812 - WARNING - No year found in name: 'Summer 23 - 18 - Bumper'
2024-12-06 15:27:15,813 - WARNING - No season ,year found in name: 'FlatFall'22 - 13'
2024-12-06 15:27:15,817 - WARNING - No year found in name: '$3C0S$4C0pr$5D1i$6D1n$7D1g $8D11$9D13$9E2 $AE2-$BE2 T$CE2i$DE2l$EF3te$FF3d'
2024-12-06 15:27:15,823 - WARNING - No mapNumber found in name: 'Summer 2023 - Section 4 Joined'
2024-12-06 15:27:15,834 - WARNING - No year found in name: 'Fall 12 (Mirror)'
2024-12-06 15:27:15,839 - WARNING - No season ,year ,mapNumber found in name: 'Super20'
2024-12-06 15:27:15,885 - WARNING - No season ,year ,mapNumber found in name: 'Supersized_Spring_2024_-_12'
2024-12-06 15:27:15,889 - WARNING - No mapNumber found in name: 'Summer 2023 - Section 5 Joined'
2024-12-06 15:27:15,897 - WARNING - No year found in name: 'Fall 06 (Mirror)'
2024-12-06 15:27:15,906 - WARNING - No season ,year found in name: 'FlatWinter'23 - 11'
2024-12-06 15:27:15,907 - WARNING - No season found in name: 'IceFall 2020 - 16'
2024-12-06 15:27:15,908 - WARNING - No year found in name: 'Fall 02 (Mirror)'
2024-12-06 15:27:15,909 - WARNING - No season ,year ,mapNumber found in name: 'Super09'
2024-12-06 15:27:15,920 - WARNING - No season ,year ,mapNumber found in name: 'super06'
2024-12-06 15:27:15,929 - WARNING - No season ,year ,mapNumber found in name: 'Super15'
2024-12-06 15:27:15,933 - WARNING - No season ,year found in name: 'FlatFall'22 - 24'
2024-12-06 15:27:15,984 - WARNING - No season ,year found in name: '2D-Summer2022-03'
2024-12-06 15:27:15,988 - WARNING - No mapNumber found in name: 'Summer 2023 - Section 2 Joined'
2024-12-06 15:27:15,991 - WARNING - No season found in name: 'SpriNgolo 2023 - 18 (ft Munster)'
2024-12-06 15:27:15,994 - WARNING - No season ,year found in name: 'RPG Su21 - 06'
2024-12-06 15:27:15,996 - WARNING - No season found in name: 'IceFall 2020 - 11'
2024-12-06 15:27:15,998 - WARNING - No season ,year found in name: 'VELP - Mini - 02 (1-Forward)'
2024-12-06 15:27:15,999 - WARNING - No season ,year found in name: 'RPG Su21 - 03'
2024-12-06 15:27:16,003 - WARNING - No season ,year ,mapNumber found in name: 'EDINGBURGH (1-Forward)'
2024-12-06 15:27:16,007 - WARNING - No year found in name: 'Fall 04 (Mirror)'
2024-12-06 15:27:16,015 - WARNING - No year found in name: 'Summer 23 - 12 - Bumper'
2024-12-06 15:27:16,020 - WARNING - No season found in name: 'IceFall 2020 - 06'
2024-12-06 15:27:16,021 - WARNING - No season found in name: 'SpriNgolo 2023 - 08'
2024-12-06 15:27:16,024 - WARNING - No year found in name: 'Summer 23 - 15 - Bumper'
2024-12-06 15:27:16,035 - WARNING - No season ,year found in name: 'FlatWinter'23 - 12'
2024-12-06 15:27:16,043 - WARNING - No year found in name: 'Fall 07 (Mirror)'
2024-12-06 15:27:16,054 - WARNING - No year found in name: '$3C0S$4C0pr$5D1i$6D1n$7D1g $8D10$9D17$9E2 $AE2-$BE2 T$CE2i$DE2l$EF3te$FF3d'
2024-12-06 15:27:16,062 - WARNING - No season ,year found in name: '20 - Poison (DesertCar)'
2024-12-06 15:27:16,072 - WARNING - No season ,year found in name: 'S-02 $ff0Ring $f00(v7) (Yeet)'
2024-12-06 15:27:16,080 - WARNING - No season found in name: 'FallN'golo 2023 - 01'
2024-12-06 15:27:16,081 - WARNING - No mapNumber found in name: 'BOSS Black of Spring 2023'
2024-12-06 15:27:16,089 - WARNING - No year found in name: 'Summer 23 - 06 - Bumper'
2024-12-06 15:27:16,091 - WARNING - No year found in name: '$3C0S$4C0pr$5D1i$6D1n$7D1g $8D11$9D19$9E2 $AE2-$BE2 T$CE2i$DE2l$EF3te$FF3d'
2024-12-06 15:27:16,096 - WARNING - No season found in name: 'SpriNgolo 2023 - 05'
2024-12-06 15:27:16,104 - WARNING - No mapNumber found in name: 'Fall 2023 - Section 8 Joined'
2024-12-06 15:27:16,104 - WARNING - No season ,year found in name: 'FlatWinter'23 - 21'
2024-12-06 15:27:16,133 - WARNING - No season found in name: 'IceFall 2020 - 09'
2024-12-06 15:27:16,135 - WARNING - No season found in name: 'IceFall 2020 - 03'
2024-12-06 15:27:16,146 - WARNING - No mapNumber found in name: 'Summer 2023 - Section 9 Joined'
2024-12-06 15:27:16,153 - WARNING - No year found in name: 'Fall 17 (Mirror)'
2024-12-06 15:27:16,155 - WARNING - No mapNumber found in name: 'Training - Red Combined'
2024-12-06 15:27:16,161 - WARNING - No season ,year ,mapNumber found in name: 'Journey - Eye of the Storm (1-Down)'
2024-12-06 15:27:16,171 - WARNING - No season ,year found in name: '2D-Summer2022-09'
2024-12-06 15:27:16,194 - WARNING - No season ,year found in name: 'FlatWinter'23 - 05'
2024-12-06 15:27:16,225 - WARNING - No season ,year found in name: 'S-02 $ff0Ring $f00(v7) (Carswitch DesertCar)'
2024-12-06 15:27:16,246 - WARNING - No season ,year found in name: 'RPG Su21 - 25'
2024-12-06 15:27:16,249 - WARNING - No mapNumber found in name: 'Fall 2023 - Section 4 Joined'
2024-12-06 15:27:16,249 - WARNING - No season found in name: 'SpriNgolo 2023 - 24 (ft Meesto)'
2024-12-06 15:27:16,250 - WARNING - No year found in name: 'Summer 23 - 25 - Bumper'
2024-12-06 15:27:16,264 - WARNING - No year found in name: 'Fall 02 (BLIND)'
2024-12-06 15:27:16,267 - WARNING - No season ,year found in name: 'RPG Su21 - 17'
2024-12-06 15:27:16,297 - WARNING - No season ,year ,mapNumber found in name: 'Journey - Eye of the Storm (1-Forward)'
2024-12-06 15:27:16,309 - WARNING - No season found in name: 'SpriNgolo 2023 - 21 (ft Chill)'
2024-12-06 15:27:16,316 - WARNING - No mapNumber found in name: 'Winter 2024 - Section 2 Joined'
2024-12-06 15:27:16,318 - WARNING - No season found in name: 'SpriNgolo 2023 - 14 (ft Velero_)'
2024-12-06 15:27:16,320 - WARNING - No season ,year found in name: 'FlatWinter'23 - 23'
2024-12-06 15:27:16,331 - WARNING - No season ,year found in name: 'VELP - Mini - 02 (SnowCar)'
2024-12-06 15:27:16,337 - WARNING - No mapNumber found in name: 'Winter 2024 - Section 9 Joined'
2024-12-06 15:27:16,338 - WARNING - No season ,year found in name: 'VELP - Mini - 02 (yeet)'
2024-12-06 15:27:16,349 - WARNING - No year found in name: 'Summer 23 - 04 - Bumper'
2024-12-06 15:27:16,364 - WARNING - No season ,year ,mapNumber found in name: 'Super18'
2024-12-06 15:27:16,369 - WARNING - No year found in name: '$3C0S$4C0pr$5D1i$6D1n$7D1g $8D12$9D13$9E2 $AE2-$BE2 T$CE2i$DE2l$EF3te$FF3d'
2024-12-06 15:27:16,376 - WARNING - No mapNumber found in name: 'Summer 2023 - Last Section Joined'
2024-12-06 15:27:16,380 - WARNING - No season ,year ,mapNumber found in name: 'Super22'
2024-12-06 15:27:16,383 - WARNING - No season ,year found in name: '2D-Summer2022-25'
2024-12-06 15:27:16,386 - WARNING - No season ,year ,mapNumber found in name: '$i$sU-Turn (CS-Rally)'
2024-12-06 15:27:16,398 - WARNING - No season ,year found in name: 'FlatWinter'23 - 14'
2024-12-06 15:27:16,399 - WARNING - No season ,year ,mapNumber found in name: 'Journey - Eye of the Storm (Yeet)'
2024-12-06 15:27:16,401 - WARNING - No year found in name: 'Summer 23 - 19 - Bumper'
2024-12-06 15:27:16,413 - WARNING - No mapNumber found in name: 'Fall 2021 - Green Combined'
2024-12-06 15:27:16,420 - WARNING - No season ,year found in name: 'S-02 $ff0Ring $f00(v7) (SnowCar)'
2024-12-06 15:27:16,421 - WARNING - No season ,year found in name: 'RPG Su21 - 02'
2024-12-06 15:27:16,422 - WARNING - No year found in name: 'Summer 23 - 10 - Bumper'
2024-12-06 15:27:16,422 - WARNING - No season ,year found in name: '2D-Summer2022-04'
2024-12-06 15:27:16,428 - WARNING - No season ,year found in name: '20 - Poison - Reverse'
2024-12-06 15:27:16,429 - WARNING - No season ,year found in name: '2D-Summer2022-16'
2024-12-06 15:27:16,431 - WARNING - No year found in name: 'Blue BOSS - Summer'23'
2024-12-06 15:27:16,441 - WARNING - No season ,year found in name: '2D-Summer2022-02'
2024-12-06 15:27:16,442 - WARNING - No season ,year found in name: '20 - Poison (yeet)'
2024-12-06 15:27:16,444 - WARNING - No season found in name: 'FallN'golo 2023 - 15'
2024-12-06 15:27:16,452 - WARNING - No year found in name: 'Summer 23 - 07 - Bumper'
2024-12-06 15:27:16,463 - WARNING - No season ,year found in name: '2D-Summer2022-10'
2024-12-06 15:27:16,474 - WARNING - No mapNumber found in name: 'Spring 2023 - Section 7 Joined'
2024-12-06 15:27:16,476 - WARNING - No season ,year ,mapNumber found in name: 'Moutain Pass (1-up)'
2024-12-06 15:27:16,483 - WARNING - No season found in name: 'SpriNgolo 2023 - 15 (ft Velero_)'
2024-12-06 15:27:16,487 - WARNING - No season ,year ,mapNumber found in name: 'Super11'
2024-12-06 15:27:16,488 - WARNING - No season ,year found in name: 'RPG Su21 - 23'
2024-12-06 15:27:16,494 - WARNING - No year found in name: '$3C0S$4C0pr$5D1i$6D1n$7D1g $8D10$9D18$9E2 $AE2-$BE2 T$CE2i$DE2l$EF3te$FF3d'
2024-12-06 15:27:16,494 - WARNING - No season ,year found in name: 'FlatWinter'23 - 03'
2024-12-06 15:27:16,494 - WARNING - No season found in name: 'SpriNgolo 2023 - 04'
2024-12-06 15:27:16,513 - WARNING - No year found in name: 'Summer 23 - 09 - Bumper'
2024-12-06 15:27:16,521 - WARNING - No year found in name: 'Fall 24 (Mirror)'
2024-12-06 15:27:16,527 - WARNING - No season ,year found in name: 'S-02 $ff0Ring $f00(v7) (Carswitch SnowCar)'
2024-12-06 15:27:16,527 - WARNING - No season ,year found in name: 'Training1-forward - 11'
2024-12-06 15:27:16,527 - WARNING - No mapNumber found in name: 'Fall 2023 - Section 5 Joined'
2024-12-06 15:27:16,536 - WARNING - No season found in name: 'SpriNgolo 2023 - 23 (ft MintPerfect)'
2024-12-06 15:27:16,538 - WARNING - No season ,year found in name: 'FlatFall'22 - 20'
2024-12-06 15:27:16,549 - WARNING - No year found in name: 'Summer 23 - 11 - Bumper'
2024-12-06 15:27:16,552 - WARNING - No mapNumber found in name: 'Spring 2023 - Section 1 Joined (All Starts)'
2024-12-06 15:27:16,560 - WARNING - No year found in name: '$3C0S$4C0pr$5D1i$6D1n$7D1g $8D11$9D15$9E2 $AE2-$BE2 T$CE2i$DE2l$EF3te$FF3d'
2024-12-06 15:27:16,567 - WARNING - No season ,year found in name: '2D-Summer2022-23'
2024-12-06 15:27:16,569 - WARNING - No season ,year found in name: '2D-Summer2022-14'
2024-12-06 15:27:16,570 - WARNING - No year found in name: 'Summer 23 - 20 - Bumper'
2024-12-06 15:27:16,576 - WARNING - No season ,year found in name: 'FlatWinter'23 - 08'
2024-12-06 15:27:16,578 - WARNING - No season ,year ,mapNumber found in name: 'Super05'
2024-12-06 15:27:16,579 - WARNING - No year found in name: '$3C0S$4C0pr$5D1i$6D1n$7D1g $8D11$9D18$9E2 $AE2-$BE2 T$CE2i$DE2l$EF3te$FF3d'
2024-12-06 15:27:16,583 - WARNING - No mapNumber found in name: 'Spring 2023 - Section 3 Joined'
2024-12-06 15:27:16,590 - WARNING - No season ,year found in name: '20 - Poison (Carswitch RallyCar)'
2024-12-06 15:27:16,600 - WARNING - No mapNumber found in name: 'Training - Green Combined'
2024-12-06 15:27:16,616 - WARNING - No season ,year found in name: '20 - Poison (1-Forward)'
2024-12-06 15:27:16,619 - WARNING - No season ,year found in name: 'RPG Su21 - 15'
2024-12-06 15:27:16,628 - WARNING - No season ,year found in name: '2D-Summer2022-12'
2024-12-06 15:27:16,631 - WARNING - No season found in name: 'IceFall 2020 - 05'
2024-12-06 15:27:16,632 - WARNING - No year found in name: 'Fall 01 (Mirror)'
2024-12-06 15:27:16,632 - WARNING - No season found in name: 'IceFall 2020 - 04'
2024-12-06 15:27:16,634 - WARNING - No mapNumber found in name: 'Summer 2021 - Black Combined'
2024-12-06 15:27:16,639 - WARNING - No season ,year found in name: '2D-Summer2022-24'
2024-12-06 15:27:16,642 - WARNING - No season ,year found in name: 'FlatWinter'23 - 07'
2024-12-06 15:27:16,648 - WARNING - No mapNumber found in name: 'Red BOSS Winter 2024'
2024-12-06 15:27:16,651 - WARNING - No mapNumber found in name: 'Green BOSS Winter 2024'
2024-12-06 15:27:16,665 - WARNING - No season found in name: 'FallN'golo 2023 - 23'
2024-12-06 15:27:16,676 - WARNING - No mapNumber found in name: 'Icy Spring 2021 - 9'
2024-12-06 15:27:16,682 - WARNING - No season ,year found in name: 'FlatWinter'23 - 16'
2024-12-06 15:27:16,694 - WARNING - No season ,year ,mapNumber found in name: 'Journey - Eye of the Storm (Reverse)'
2024-12-06 15:27:16,696 - WARNING - No season ,year found in name: '20 - Poison (RallyCar)'
2024-12-06 15:27:16,696 - WARNING - No mapNumber found in name: 'Spring 2023 - Section 9 Joined'
2024-12-06 15:27:16,696 - WARNING - No year found in name: 'Fall 05 (Mirror)'
2024-12-06 15:27:16,719 - WARNING - No season ,year ,mapNumber found in name: 'Journey - Eye of the Storm (SnowCar)'
2024-12-06 15:27:16,720 - WARNING - No season ,year found in name: 'S-02 $ff0Ring $f00(v7) (1-Down)'
2024-12-06 15:27:16,721 - WARNING - No year found in name: '$3C0S$4C0pr$5D1i$6D1n$7D1g $8D10$9D19$9E2 $AE2-$BE2 T$CE2i$DE2l$EF3te$FF3d'
2024-12-06 15:27:16,721 - WARNING - No mapNumber found in name: 'BOSS Green of Spring 2023'
2024-12-06 15:27:16,722 - WARNING - No season ,year found in name: 'VELP - Mini - 02 (Carswitch DesertCar)'
2024-12-06 15:27:16,726 - WARNING - No mapNumber found in name: 'Fall 2023 - Section 1 Joined'
2024-12-06 15:27:16,741 - WARNING - No year found in name: 'Fall 09 (Mirror)'
2024-12-06 15:27:16,747 - WARNING - No year found in name: 'Fall 13 (Mirror)'
2024-12-06 15:27:16,749 - WARNING - No season found in name: 'SpriNgolo 2023 - 07'
2024-12-06 15:27:16,766 - WARNING - No season ,year found in name: 'FlatWinter'23 - 09'
2024-12-06 15:27:16,770 - WARNING - No mapNumber found in name: 'Summer 2021 - Blue combined'
2024-12-06 15:27:16,780 - WARNING - No season ,year found in name: 'FlatWinter'23 - 22'
2024-12-06 15:27:16,783 - WARNING - No season found in name: 'IceFall 2020 - 24'
2024-12-06 15:27:16,785 - WARNING - No season ,year found in name: 'RPG Su21 - 05'
2024-12-06 15:27:16,794 - WARNING - No season ,year found in name: 'FlatWinter'23 - 04'
2024-12-06 15:27:16,796 - WARNING - No season ,year found in name: 'FlatWinter'23 - 01'
2024-12-06 15:27:16,802 - WARNING - No season ,year ,mapNumber found in name: 'Super03'
2024-12-06 15:27:16,813 - WARNING - No year found in name: 'Fall 22 (Mirror)'
2024-12-06 15:27:16,834 - WARNING - No mapNumber found in name: 'Winter 2022 - White Combined'
2024-12-06 15:27:16,840 - WARNING - No season ,year found in name: '2D-Summer2022-21'
2024-12-06 15:27:16,842 - WARNING - No mapNumber found in name: 'Winter 2024 - Section 6 Joined'
2024-12-06 15:27:16,857 - WARNING - No season found in name: 'FallN'golo 2023 - 06'
2024-12-06 15:27:16,863 - WARNING - No year found in name: '$3C0S$4C0pr$5D1i$6D1n$7D1g $8D12$9D15$9E2 $AE2-$BE2 T$CE2i$DE2l$EF3te$FF3d'
2024-12-06 15:27:16,865 - WARNING - No season ,year ,mapNumber found in name: 'Super01'
2024-12-06 15:27:16,868 - WARNING - No year found in name: 'Fall 16 (Mirror)'
2024-12-06 15:27:16,873 - WARNING - No year found in name: 'Summer 23 - 23 - Bumper'
2024-12-06 15:27:16,881 - WARNING - No season ,year ,mapNumber found in name: 'Journey - Eye of the Storm (DesertCar)'
2024-12-06 15:27:16,882 - WARNING - No season ,year found in name: 'FlatFall'22 - 19'
2024-12-06 15:27:16,893 - WARNING - No season ,year found in name: '2D-Summer2022-08'
2024-12-06 15:27:16,893 - WARNING - No season ,year found in name: 'S-02 $ff0Ring $f00(v7) (DesertCar)'
2024-12-06 15:27:16,897 - WARNING - No season found in name: 'SpriNgolo 2023 - 09'
2024-12-06 15:27:16,903 - WARNING - No mapNumber found in name: 'Summer 2021 - Red Combined'
2024-12-06 15:27:16,907 - WARNING - No year found in name: 'Summer 23 - 17 - Bumper'
2024-12-06 15:27:16,909 - WARNING - No season ,year ,mapNumber found in name: 'Super25'
2024-12-06 15:27:16,912 - WARNING - No season found in name: 'IceFall 2020 - 15'
2024-12-06 15:27:16,933 - WARNING - No season ,year found in name: '2D-Summer2022-01'
2024-12-06 15:27:16,944 - WARNING - No year found in name: '$3C0S$4C0pr$5D1i$6D1n$7D1g $8D10$9D15$9E2 $AE2-$BE2 T$CE2i$DE2l$EF3te$FF3d'
2024-12-06 15:27:16,956 - WARNING - No season found in name: 'FallN'golo 2023 - 07'
2024-12-06 15:27:16,958 - WARNING - No season ,year found in name: 'FlatFall'22 - 15'
2024-12-06 15:27:16,978 - WARNING - No season ,year found in name: 'S-02 $ff0Ring $f00(v7) (STTF)'
2024-12-06 15:27:16,993 - WARNING - No season ,year found in name: 'VELP - Mini - 02 (CP1-End)'
2024-12-06 15:27:17,009 - WARNING - No season found in name: 'IceFall 2020 - 21'
2024-12-06 15:27:17,011 - WARNING - No season ,year ,mapNumber found in name: 'Super07'
2024-12-06 15:27:17,031 - WARNING - No season ,year found in name: 'FlatWinter'23 - 06'
2024-12-06 15:27:17,033 - WARNING - No season found in name: 'FallN'golo 2023 - 12'
2024-12-06 15:27:17,037 - WARNING - No season found in name: 'FallN'golo 2023 - 08'
2024-12-06 15:27:17,042 - WARNING - No season ,year found in name: 'RPG Su21 - 22'
2024-12-06 15:27:17,043 - WARNING - No season found in name: 'SpriNgolo 2023 - 19 (ft Chill)'
2024-12-06 15:27:17,059 - WARNING - No year found in name: 'Fall 10 (Mirror)'
2024-12-06 15:27:17,076 - WARNING - No mapNumber found in name: 'BOSS Blue of Spring 2023'
2024-12-06 15:27:17,077 - WARNING - No season ,year found in name: 'RPG Su21 - 16'
2024-12-06 15:27:17,081 - WARNING - No season ,year found in name: 'Icy  ReactorTraining - 19'
2024-12-06 15:27:17,090 - WARNING - No season ,year ,mapNumber found in name: 'Super04'
2024-12-06 15:27:17,097 - WARNING - No mapNumber found in name: 'Training - Black Combined'
2024-12-06 15:27:17,099 - WARNING - No season ,year found in name: 'VELP - Mini - 02 (cpless)'
2024-12-06 15:27:17,104 - WARNING - No year found in name: '$3C0S$4C0pr$5D1i$6D1n$7D1g $8D11$9D16$9E2 $AE2-$BE2 T$CE2i$DE2l$EF3te$FF3d'
2024-12-06 15:27:17,108 - WARNING - No season found in name: 'FallN'golo 2023 - 16'
2024-12-06 15:27:17,123 - WARNING - No season found in name: 'IceFall 2020 - 01'
2024-12-06 15:27:17,128 - WARNING - No season ,year ,mapNumber found in name: 'Super08'
2024-12-06 15:27:17,128 - WARNING - No season ,year found in name: '20 - Poison (Carswitch DesertCar)'
2024-12-06 15:27:17,128 - WARNING - No season ,year found in name: 'S-02 $ff0Ring $f00(v7) (1-Forward)'
2024-12-06 15:27:17,132 - WARNING - No season ,year found in name: '2D-Summer2022-11'
2024-12-06 15:27:17,142 - WARNING - No season ,year found in name: 'RPG Su21 - 20'
2024-12-06 15:27:17,146 - WARNING - No season found in name: 'FallN'golo 2023 - 25'
2024-12-06 15:27:17,146 - WARNING - No season ,year found in name: 'FlatFall'22 - 11'
2024-12-06 15:27:17,148 - WARNING - No season found in name: 'FallN'golo 2023 - 03'
2024-12-06 15:27:17,149 - WARNING - No season ,year found in name: 'FlatFall'22 - 01'
2024-12-06 15:27:17,160 - WARNING - No season ,year ,mapNumber found in name: 'Journey - Eye of the Storm (CPLess)'
2024-12-06 15:27:17,160 - WARNING - No season found in name: 'IceFall 2020 - 02'
2024-12-06 15:27:17,164 - WARNING - No season ,year found in name: 'S-02 $ff0Ring $f00(v7) (CPLess)'
2024-12-06 15:27:17,168 - WARNING - No season ,year found in name: '20 - Poison (1-up)'
2024-12-06 15:27:17,171 - WARNING - No season ,year found in name: 'FlatFall'22 - 23'
2024-12-06 15:27:17,182 - WARNING - No mapNumber found in name: 'Winter 2024 - Last Section Joined'
2024-12-06 15:27:17,183 - WARNING - No year found in name: 'Fall 01 (BLIND)'
2024-12-06 15:27:17,194 - WARNING - No season found in name: 'FallN'golo 2023 - 20'
2024-12-06 15:27:17,209 - WARNING - No season found in name: 'FallN'golo 2023 - 17'
2024-12-06 15:27:17,210 - WARNING - No year found in name: '$3C0S$4C0pr$5D1i$6D1n$7D1g $8D11$9D12$9E2 $AE2-$BE2 T$CE2i$DE2l$EF3te$FF3d'
2024-12-06 15:27:17,211 - WARNING - No season ,year found in name: 'RPG Su21 - 24'
2024-12-06 15:27:17,214 - WARNING - No season ,year found in name: 'FlatFall'22 - 22'
2024-12-06 15:27:17,218 - WARNING - No mapNumber found in name: 'Black BOSS Winter 2024'
2024-12-06 15:27:17,221 - WARNING - No season ,year found in name: '20 - Poison (STTF)'
2024-12-06 15:27:17,222 - WARNING - No year found in name: '$3C0S$4C0pr$5D1i$6D1n$7D1g $8D10$9D16$9E2 $AE2-$BE2 T$CE2i$DE2l$EF3te$FF3d'
2024-12-06 15:27:17,224 - WARNING - No year found in name: '$3C0S$4C0pr$5D1i$6D1n$7D1g $8D10$9D14$9E2 $AE2-$BE2 T$CE2i$DE2l$EF3te$FF3d'
2024-12-06 15:27:17,226 - WARNING - No mapNumber found in name: 'BOSS Red of Spring 2023'
2024-12-06 15:27:17,238 - WARNING - No season ,year found in name: 'FlatWinter'23 - 24'
2024-12-06 15:27:17,240 - WARNING - No season found in name: 'FallN'golo 2023 - 02'
2024-12-06 15:27:17,242 - WARNING - No season found in name: 'IceFall 2020 - 08'
2024-12-06 15:27:17,258 - WARNING - No mapNumber found in name: 'Winter 2024 - Section 5 Joined'
2024-12-06 15:27:17,267 - WARNING - No season ,year ,mapNumber found in name: 'Journey - Eye of the Storm (CP1-End)'
2024-12-06 15:27:17,269 - WARNING - No season found in name: 'IceFall 2020 - 13'
2024-12-06 15:27:17,271 - WARNING - No mapNumber found in name: 'Fall 2021 - Red Combined'
2024-12-06 15:27:17,276 - WARNING - No mapNumber found in name: 'Fall 2023 - Section 9 Joined'
2024-12-06 15:27:17,285 - WARNING - No season ,year ,mapNumber found in name: 'Super14'
2024-12-06 15:27:17,286 - WARNING - No season ,year found in name: '2D-Summer2022-06'
2024-12-06 15:27:17,291 - WARNING - No mapNumber found in name: 'Summer 2023 - Section 8 Joined'
2024-12-06 15:27:17,292 - WARNING - No mapNumber found in name: 'Winter 2024 - Section 7 Joined'
2024-12-06 15:27:17,293 - WARNING - No season ,year ,mapNumber found in name: 'Super17'
2024-12-06 15:27:17,300 - WARNING - No mapNumber found in name: 'Winter 2022 - Green Combined'
2024-12-06 15:27:17,307 - WARNING - No year found in name: '$3C0S$4C0pr$5D1i$6D1n$7D1g $8D11$9D14$9E2 $AE2-$BE2 T$CE2i$DE2l$EF3te$FF3d'
2024-12-06 15:27:17,316 - WARNING - No season ,year found in name: 'RPG Su21 - 04'
2024-12-06 15:27:17,321 - WARNING - No mapNumber found in name: 'Fall 2021 - Black Combined'
2024-12-06 15:27:17,322 - WARNING - No season ,year ,mapNumber found in name: 'Journey - Eye of the Storm (1-Up)'
2024-12-06 15:27:17,323 - WARNING - No year found in name: 'Summer 23 - 16 - Bumper'
2024-12-06 15:27:17,325 - WARNING - No season found in name: 'FallN'golo 2023 - 10'
2024-12-06 15:27:17,335 - WARNING - No season ,year ,mapNumber found in name: 'Supersized_Spring_2024_-_05'
2024-12-06 15:27:17,336 - WARNING - No mapNumber found in name: 'White BOSS Winter 2024'
2024-12-06 15:27:17,337 - WARNING - No season ,year found in name: 'FlatFall'22 - 03'
2024-12-06 15:27:17,338 - WARNING - No season ,year ,mapNumber found in name: 'Journey - Eye of the Storm (RallyCar)'
2024-12-06 15:27:17,342 - WARNING - No year found in name: '$3C0S$4C0pr$5D1i$6D1n$7D1g $8D10$9D12$9E2 $AE2-$BE2 T$CE2i$DE2l$EF3te$FF3d'
2024-12-06 15:27:17,354 - WARNING - No season ,year found in name: 'RPG Su21 - 10'
2024-12-06 15:27:17,355 - WARNING - No season found in name: 'FallN'golo 2023 - 13'
2024-12-06 15:27:17,375 - WARNING - No season ,year found in name: 'RPG Su21 - 14'
2024-12-06 15:27:17,379 - WARNING - No season ,year found in name: 'FlatFall'22 - 17'
2024-12-06 15:27:17,394 - WARNING - No season ,year found in name: '20 - Poison (cpless)'
2024-12-06 15:27:17,396 - WARNING - No season ,year found in name: 'FlatWinter'23 - 18'
2024-12-06 15:27:17,414 - WARNING - No season ,year found in name: 'VELP - Mini - 02 (1-up)'
2024-12-06 15:27:17,416 - WARNING - No season ,year found in name: 'RPG Su21 - 13'
2024-12-06 15:27:17,422 - WARNING - No mapNumber found in name: 'Training - Blue Combined'
2024-12-06 15:27:17,448 - WARNING - No season found in name: 'SpriNgolo 2023 - 12'
2024-12-06 15:27:17,456 - WARNING - No season ,year ,mapNumber found in name: '$i$sU-Turn (Snow)'
2024-12-06 15:27:17,464 - WARNING - No season found in name: 'SpriNgolo 2023 - 03'
2024-12-06 15:27:17,474 - WARNING - No season found in name: 'SpriNgolo 2023 - 11'
2024-12-06 15:27:17,476 - WARNING - No season ,year ,mapNumber found in name: 'GreenCity (SnowCar)'
2024-12-06 15:27:17,489 - WARNING - No season found in name: 'SpriNgolo 2023 - 06'
2024-12-06 15:27:17,510 - WARNING - No season found in name: 'IceFall 2020 - 14'
2024-12-06 15:27:17,512 - WARNING - No mapNumber found in name: 'Winter 2022 - Red Combined'
2024-12-06 15:27:17,513 - WARNING - No season ,year found in name: 'RPG Su21 - 21'
2024-12-06 15:27:17,524 - WARNING - No year found in name: '$3C0S$4C0pr$5D1i$6D1n$7D1g $8D10$9D13$9E2 $AE2-$BE2 T$CE2i$DE2l$EF3te$FF3d'
2024-12-06 15:27:17,529 - WARNING - No mapNumber found in name: 'Summer 2021 - Green Combined'
2024-12-06 15:27:17,541 - WARNING - No season ,year found in name: 'RPG Su21 - 12'
2024-12-06 15:27:17,544 - WARNING - No year found in name: '$3C0S$4C0pr$5D1i$6D1n$7D1g $8D10$9D11$9E2 $AE2-$BE2 T$CE2i$DE2l$EF3te$FF3d'
2024-12-06 15:27:17,547 - WARNING - No mapNumber found in name: 'Spring 2023 - Last Section Joined (All Ends)'
2024-12-06 15:27:17,553 - WARNING - No season ,year found in name: 'VELP - Mini - 02 (1-Down)'
2024-12-06 15:27:17,562 - WARNING - No mapNumber found in name: 'Summer 2021 - White Combined'
2024-12-06 15:27:17,565 - WARNING - No mapNumber found in name: 'Winter 2022 - Blue Combined'
2024-12-06 15:27:17,565 - WARNING - No mapNumber found in name: 'Spring 2023 - Section 2 Joined'
2024-12-06 15:27:17,566 - WARNING - No mapNumber found in name: 'Fall 2023 - Section 6 Joined'
2024-12-06 15:27:17,574 - WARNING - No mapNumber found in name: 'Fall 2021 - Blue Combined'
2024-12-06 15:27:17,576 - WARNING - No mapNumber found in name: 'Summer 2023 - Section 7 Joined'
2024-12-06 15:27:17,578 - WARNING - No season ,year found in name: 'S-02 $ff0Ring $f00(v7) (1-Up)'
